<?xml version="1.0" encoding="UTF-8"?>
<!-- Generated by org.testng.reporters.JUnitReportReporter -->
<testsuite hostname="DESKTOP-0255JM2" name="test_scripts.Test_Login" tests="1" failures="0" timestamp="19 Jan 2020 07:34:36 GMT" time="57.120" errors="0">
  <testcase name="TestLogin" time="57.120" classname="test_scripts.Test_Login"/>
</testsuite> <!-- test_scripts.Test_Login -->
