<?xml version="1.0" encoding="UTF-8"?>
<!-- Generated by org.testng.reporters.JUnitReportReporter -->
<testsuite hostname="DESKTOP-0255JM2" name="test_scripts.Test_CountSentItems" tests="1" failures="0" timestamp="29 Dec 2019 07:55:44 GMT" time="64.598" errors="0">
  <testcase name="Testlogin" time="64.598" classname="test_scripts.Test_CountSentItems"/>
</testsuite> <!-- test_scripts.Test_CountSentItems -->
