<?xml version="1.0" encoding="UTF-8"?>
<!-- Generated by org.testng.reporters.JUnitReportReporter -->
<testsuite hostname="DESKTOP-0255JM2" name="test_scripts.Test_Script2" tests="1" failures="0" timestamp="29 Dec 2019 05:59:57 GMT" time="49.540" errors="0">
  <testcase name="Testlogin" time="49.540" classname="test_scripts.Test_Script2"/>
</testsuite> <!-- test_scripts.Test_Script2 -->
